[CI Gate] Running Phase 1 mobile auth smoke suite...

> foodlens@1.0.0 test
> jest --runInBand features/auth/login/hooks/__tests__/useLoginScreen.test.ts features/auth/login/hooks/__tests__/useLoginMotion.test.ts features/auth/login/components/__tests__/LoginAuthScreen.test.tsx features/auth/login/components/__tests__/LoginWelcomeScreen.test.tsx features/auth/login/screens/__tests__/LoginScreen.test.tsx services/auth/__tests__/oauthProvider.test.ts services/auth/__tests__/providerLogout.test.ts services/auth/__tests__/sessionManager.test.ts

PASS features/auth/login/hooks/__tests__/useLoginScreen.test.ts
PASS features/auth/login/screens/__tests__/LoginScreen.test.tsx
PASS features/auth/login/components/__tests__/LoginAuthScreen.test.tsx
PASS features/auth/login/components/__tests__/LoginWelcomeScreen.test.tsx
PASS features/auth/login/hooks/__tests__/useLoginMotion.test.ts
PASS services/auth/__tests__/oauthProvider.test.ts
PASS services/auth/__tests__/sessionManager.test.ts
  â— Console

    console.warn
      [AuthSession] Failed to refresh session {
        request_id: 'auth-bootstrap-mlv25v1x',
        user_id: 'usr_1',
        code: 'AUTH_REFRESH_REUSED',
        status: 401,
        requestId: undefined
      }

      59 |   } catch (error) {
      60 |     if (error instanceof AuthApiError) {
    > 61 |       console.warn('[AuthSession] Failed to refresh session', {
         |               ^
      62 |         request_id: BOOTSTRAP_REQUEST_ID,
      63 |         user_id: stored.user.id,
      64 |         code: error.code,

      at warn (services/auth/sessionManager.ts:61:15)
          at Generator.throw (<anonymous>)
      at asyncGeneratorStep (node_modules/@babel/runtime/helpers/asyncToGenerator.js:3:17)
      at _throw (node_modules/@babel/runtime/helpers/asyncToGenerator.js:20:9)

    console.warn
      [AuthSession] Secure storage unavailable during bootstrap {
        request_id: 'auth-bootstrap-mlv25v1x',
        user_id: 'unknown',
        error: 'Secure token storage is unavailable. Install expo-secure-store.'
      }

      35 |     stored = await AuthSecureSessionStore.read();
      36 |   } catch (error) {
    > 37 |     console.warn('[AuthSession] Secure storage unavailable during bootstrap', {
         |             ^
      38 |       request_id: BOOTSTRAP_REQUEST_ID,
      39 |       user_id: 'unknown',
      40 |       error: error instanceof Error ? error.message : String(error),

      at warn (services/auth/sessionManager.ts:37:13)
          at Generator.throw (<anonymous>)
      at asyncGeneratorStep (node_modules/@babel/runtime/helpers/asyncToGenerator.js:3:17)
      at _throw (node_modules/@babel/runtime/helpers/asyncToGenerator.js:20:9)

PASS services/auth/__tests__/providerLogout.test.ts

Test Suites: 8 passed, 8 total
Tests:       30 passed, 30 total
Snapshots:   5 passed, 5 total
Time:        1.567 s, estimated 2 s
Ran all test suites matching /features\/auth\/login\/hooks\/__tests__\/useLoginScreen.test.ts|features\/auth\/login\/hooks\/__tests__\/useLoginMotion.test.ts|features\/auth\/login\/components\/__tests__\/LoginAuthScreen.test.tsx|features\/auth\/login\/components\/__tests__\/LoginWelcomeScreen.test.tsx|features\/auth\/login\/screens\/__tests__\/LoginScreen.test.tsx|services\/auth\/__tests__\/oauthProvider.test.ts|services\/auth\/__tests__\/providerLogout.test.ts|services\/auth\/__tests__\/sessionManager.test.ts/i.
[CI Gate] Phase 1 mobile auth smoke suite passed.
